Thu Oct 08 15:25:00 CST 2015: Registered JDBC driver com.mysql.jdbc.Driver
Thu Oct 08 15:25:09 CST 2015: Registered JDBC driver com.mysql.jdbc.Driver
Thu Oct 08 15:25:10 CST 2015: Registered JDBC driver com.mysql.jdbc.Driver
Thu Oct 08 15:25:20 CST 2015: Registered JDBC driver com.mysql.jdbc.Driver
Thu Oct 08 17:02:02 CST 2015: Registered JDBC driver com.mysql.jdbc.Driver
Thu Oct 08 17:46:20 CST 2015: Registered JDBC driver com.mysql.jdbc.Driver
Thu Oct 08 17:52:24 CST 2015: Registered JDBC driver com.mysql.jdbc.Driver
Thu Oct 08 17:56:13 CST 2015: Registered JDBC driver com.mysql.jdbc.Driver
Thu Oct 08 18:28:48 CST 2015: Registered JDBC driver com.mysql.jdbc.Driver
Thu Oct 08 18:29:05 CST 2015: Registered JDBC driver com.mysql.jdbc.Driver
Thu Oct 08 18:29:56 CST 2015: Registered JDBC driver com.mysql.jdbc.Driver
Fri Oct 09 12:25:19 CST 2015: Registered JDBC driver com.mysql.jdbc.Driver
Fri Oct 09 15:02:40 CST 2015: Registered JDBC driver com.mysql.jdbc.Driver
Fri Oct 09 15:03:30 CST 2015: Registered JDBC driver com.mysql.jdbc.Driver
Fri Oct 09 15:04:37 CST 2015: Registered JDBC driver com.mysql.jdbc.Driver
Fri Oct 09 15:04:42 CST 2015: Registered JDBC driver com.mysql.jdbc.Driver
Fri Oct 09 16:48:48 CST 2015: Registered JDBC driver com.mysql.jdbc.Driver
Fri Oct 09 16:49:51 CST 2015: Registered JDBC driver com.mysql.jdbc.Driver
Fri Oct 09 17:11:00 CST 2015: Registered JDBC driver com.mysql.jdbc.Driver
Fri Oct 09 17:14:59 CST 2015: Registered JDBC driver com.mysql.jdbc.Driver
Fri Oct 09 17:22:44 CST 2015: Registered JDBC driver com.mysql.jdbc.Driver
Fri Oct 09 17:55:15 CST 2015: Registered JDBC driver com.mysql.jdbc.Driver
Sat Oct 10 10:20:59 CST 2015: Registered JDBC driver com.mysql.jdbc.Driver
Sat Oct 10 10:21:08 CST 2015: Registered JDBC driver com.mysql.jdbc.Driver
Sat Oct 10 10:21:55 CST 2015: Registered JDBC driver com.mysql.jdbc.Driver
Sat Oct 10 10:22:07 CST 2015: Registered JDBC driver com.mysql.jdbc.Driver
Sat Oct 10 10:22:24 CST 2015: Registered JDBC driver com.mysql.jdbc.Driver
Sat Oct 10 10:22:46 CST 2015: Registered JDBC driver com.mysql.jdbc.Driver
Sat Oct 10 10:23:00 CST 2015: Registered JDBC driver com.mysql.jdbc.Driver
Sat Oct 10 10:23:08 CST 2015: Registered JDBC driver com.mysql.jdbc.Driver
Sat Oct 10 10:23:17 CST 2015: Registered JDBC driver com.mysql.jdbc.Driver
Sat Oct 10 13:50:50 CST 2015: Registered JDBC driver com.mysql.jdbc.Driver
Sat Oct 10 14:20:18 CST 2015: Registered JDBC driver com.mysql.jdbc.Driver
Mon Oct 12 15:33:11 CST 2015: Registered JDBC driver com.mysql.jdbc.Driver
Mon Oct 12 15:35:53 CST 2015: Registered JDBC driver com.mysql.jdbc.Driver
Mon Oct 12 18:45:34 CST 2015: Registered JDBC driver com.mysql.jdbc.Driver
Mon Oct 12 18:51:35 CST 2015: Registered JDBC driver com.mysql.jdbc.Driver
Mon Oct 12 18:52:06 CST 2015: Registered JDBC driver com.mysql.jdbc.Driver
Mon Oct 12 18:52:19 CST 2015: Registered JDBC driver com.mysql.jdbc.Driver
Mon Oct 12 18:54:27 CST 2015: Registered JDBC driver com.mysql.jdbc.Driver
Mon Oct 12 21:33:20 CST 2015: Registered JDBC driver com.mysql.jdbc.Driver
Mon Oct 12 22:53:54 CST 2015: Registered JDBC driver com.mysql.jdbc.Driver
Mon Oct 12 22:54:34 CST 2015: Registered JDBC driver com.mysql.jdbc.Driver
Mon Oct 12 22:54:49 CST 2015: Registered JDBC driver com.mysql.jdbc.Driver
Tue Oct 13 00:36:45 CST 2015: Registered JDBC driver com.mysql.jdbc.Driver
Tue Oct 13 00:37:08 CST 2015: Registered JDBC driver com.mysql.jdbc.Driver
Tue Oct 13 00:37:55 CST 2015: Registered JDBC driver com.mysql.jdbc.Driver
Tue Oct 13 00:38:18 CST 2015: Registered JDBC driver com.mysql.jdbc.Driver
Tue Oct 13 00:38:42 CST 2015: Registered JDBC driver com.mysql.jdbc.Driver
Tue Oct 13 12:53:32 CST 2015: Registered JDBC driver com.mysql.jdbc.Driver
Tue Oct 13 12:53:39 CST 2015: Registered JDBC driver com.mysql.jdbc.Driver
Tue Oct 13 13:01:56 CST 2015: Registered JDBC driver com.mysql.jdbc.Driver
Tue Oct 13 13:02:00 CST 2015: Registered JDBC driver com.mysql.jdbc.Driver
Tue Oct 13 13:26:29 CST 2015: Registered JDBC driver com.mysql.jdbc.Driver
Tue Oct 13 13:27:52 CST 2015: Registered JDBC driver com.mysql.jdbc.Driver
Tue Oct 13 13:28:22 CST 2015: Registered JDBC driver com.mysql.jdbc.Driver
Tue Oct 13 13:40:21 CST 2015: Registered JDBC driver com.mysql.jdbc.Driver
Tue Oct 13 13:50:55 CST 2015: Registered JDBC driver com.mysql.jdbc.Driver
Tue Oct 13 13:52:39 CST 2015: Registered JDBC driver com.mysql.jdbc.Driver
Tue Oct 13 13:53:30 CST 2015: Registered JDBC driver com.mysql.jdbc.Driver
Tue Oct 13 13:55:29 CST 2015: Registered JDBC driver com.mysql.jdbc.Driver
Tue Oct 13 14:08:08 CST 2015: Registered JDBC driver com.mysql.jdbc.Driver
Tue Oct 13 14:26:45 CST 2015: Registered JDBC driver com.mysql.jdbc.Driver
Tue Oct 13 14:27:05 CST 2015: Registered JDBC driver com.mysql.jdbc.Driver
Tue Oct 13 14:27:12 CST 2015: Registered JDBC driver com.mysql.jdbc.Driver
Tue Oct 13 14:27:17 CST 2015: Registered JDBC driver com.mysql.jdbc.Driver
Tue Oct 13 14:39:46 CST 2015: Registered JDBC driver com.mysql.jdbc.Driver
Tue Oct 13 14:41:43 CST 2015: Registered JDBC driver com.mysql.jdbc.Driver
Tue Oct 13 14:46:05 CST 2015: Registered JDBC driver com.mysql.jdbc.Driver
Thu Oct 15 15:07:40 CST 2015: Registered JDBC driver com.mysql.jdbc.Driver
Thu Oct 15 15:08:31 CST 2015: Registered JDBC driver com.mysql.jdbc.Driver
Thu Oct 15 15:08:47 CST 2015: Registered JDBC driver com.mysql.jdbc.Driver
Thu Oct 15 15:11:34 CST 2015: Registered JDBC driver com.mysql.jdbc.Driver
Thu Oct 15 15:13:28 CST 2015: Registered JDBC driver com.mysql.jdbc.Driver
Thu Oct 15 15:17:51 CST 2015: Registered JDBC driver com.mysql.jdbc.Driver
Thu Oct 15 15:23:49 CST 2015: Registered JDBC driver com.mysql.jdbc.Driver
Thu Oct 15 15:42:08 CST 2015: Registered JDBC driver com.mysql.jdbc.Driver
Thu Oct 15 15:42:38 CST 2015: Registered JDBC driver com.mysql.jdbc.Driver
Thu Oct 15 15:43:01 CST 2015: Registered JDBC driver com.mysql.jdbc.Driver
Thu Oct 15 15:45:02 CST 2015: Registered JDBC driver com.mysql.jdbc.Driver
Thu Oct 15 15:45:27 CST 2015: Registered JDBC driver com.mysql.jdbc.Driver
Fri Oct 16 13:14:30 CST 2015: Registered JDBC driver com.mysql.jdbc.Driver
Fri Oct 16 13:14:56 CST 2015: Registered JDBC driver com.mysql.jdbc.Driver
Fri Oct 16 15:14:13 CST 2015: Registered JDBC driver com.mysql.jdbc.Driver
Fri Oct 16 17:10:33 CST 2015: Registered JDBC driver com.mysql.jdbc.Driver
Fri Oct 16 18:45:49 CST 2015: Registered JDBC driver com.mysql.jdbc.Driver
Fri Oct 16 18:46:33 CST 2015: Registered JDBC driver com.mysql.jdbc.Driver
Fri Oct 16 18:46:48 CST 2015: Registered JDBC driver com.mysql.jdbc.Driver
Fri Oct 16 18:47:46 CST 2015: Registered JDBC driver com.mysql.jdbc.Driver
Fri Oct 16 18:48:47 CST 2015: Registered JDBC driver com.mysql.jdbc.Driver
Sun Oct 18 01:03:17 CST 2015: Registered JDBC driver com.mysql.jdbc.Driver
Sun Oct 18 01:10:22 CST 2015: Registered JDBC driver com.mysql.jdbc.Driver
Sun Oct 18 01:11:22 CST 2015: Registered JDBC driver com.mysql.jdbc.Driver
Sun Oct 18 01:15:25 CST 2015: Registered JDBC driver com.mysql.jdbc.Driver
Sun Oct 18 01:16:00 CST 2015: Registered JDBC driver com.mysql.jdbc.Driver
Fri Oct 23 11:07:03 CST 2015: Registered JDBC driver com.mysql.jdbc.Driver
Fri Oct 23 11:08:04 CST 2015: Registered JDBC driver com.mysql.jdbc.Driver
Fri Oct 23 11:08:59 CST 2015: Registered JDBC driver com.mysql.jdbc.Driver
Fri Oct 23 11:26:44 CST 2015: Registered JDBC driver com.mysql.jdbc.Driver
Fri Oct 23 11:35:08 CST 2015: Registered JDBC driver com.mysql.jdbc.Driver
Fri Oct 23 11:45:27 CST 2015: Registered JDBC driver com.mysql.jdbc.Driver
Fri Oct 23 11:45:45 CST 2015: Registered JDBC driver com.mysql.jdbc.Driver
Fri Oct 23 11:46:01 CST 2015: Registered JDBC driver com.mysql.jdbc.Driver
Fri Oct 23 11:46:25 CST 2015: Registered JDBC driver com.mysql.jdbc.Driver
Fri Oct 23 11:47:18 CST 2015: Registered JDBC driver com.mysql.jdbc.Driver
Fri Oct 23 11:48:04 CST 2015: Registered JDBC driver com.mysql.jdbc.Driver
Fri Oct 23 11:49:10 CST 2015: Registered JDBC driver com.mysql.jdbc.Driver
Fri Oct 23 11:51:46 CST 2015: Registered JDBC driver com.mysql.jdbc.Driver
Fri Oct 23 11:51:58 CST 2015: Registered JDBC driver com.mysql.jdbc.Driver
Fri Oct 23 11:52:37 CST 2015: Registered JDBC driver com.mysql.jdbc.Driver
Fri Oct 23 11:55:37 CST 2015: Registered JDBC driver com.mysql.jdbc.Driver
Fri Oct 23 11:56:11 CST 2015: Registered JDBC driver com.mysql.jdbc.Driver
Fri Oct 23 11:59:23 CST 2015: Registered JDBC driver com.mysql.jdbc.Driver
Fri Oct 23 12:02:33 CST 2015: Registered JDBC driver com.mysql.jdbc.Driver
Fri Oct 23 12:03:48 CST 2015: Registered JDBC driver com.mysql.jdbc.Driver
Fri Oct 23 12:06:22 CST 2015: Registered JDBC driver com.mysql.jdbc.Driver
Fri Oct 23 12:10:02 CST 2015: Registered JDBC driver com.mysql.jdbc.Driver
Fri Oct 23 12:13:06 CST 2015: Registered JDBC driver com.mysql.jdbc.Driver
Fri Oct 23 12:13:54 CST 2015: Registered JDBC driver com.mysql.jdbc.Driver
Fri Oct 23 12:14:36 CST 2015: Registered JDBC driver com.mysql.jdbc.Driver
Fri Oct 23 12:17:02 CST 2015: Registered JDBC driver com.mysql.jdbc.Driver
Fri Oct 23 12:17:40 CST 2015: Registered JDBC driver com.mysql.jdbc.Driver
Fri Oct 23 12:18:33 CST 2015: Registered JDBC driver com.mysql.jdbc.Driver
Fri Oct 23 12:19:37 CST 2015: Registered JDBC driver com.mysql.jdbc.Driver
Fri Oct 23 12:20:22 CST 2015: Registered JDBC driver com.mysql.jdbc.Driver
Fri Oct 23 12:20:49 CST 2015: Registered JDBC driver com.mysql.jdbc.Driver
Fri Oct 23 12:21:29 CST 2015: Registered JDBC driver com.mysql.jdbc.Driver
Fri Oct 23 12:23:14 CST 2015: Registered JDBC driver com.mysql.jdbc.Driver
Fri Oct 23 12:23:53 CST 2015: Registered JDBC driver com.mysql.jdbc.Driver
Fri Oct 23 12:25:11 CST 2015: Registered JDBC driver com.mysql.jdbc.Driver
Fri Oct 23 12:26:14 CST 2015: Registered JDBC driver com.mysql.jdbc.Driver
Fri Oct 23 12:26:51 CST 2015: Registered JDBC driver com.mysql.jdbc.Driver
Wed Nov 04 18:33:20 CST 2015: Registered JDBC driver com.mysql.jdbc.Driver
Thu Nov 05 14:05:51 CST 2015: Registered JDBC driver com.mysql.jdbc.Driver
Thu Nov 05 14:06:55 CST 2015: Registered JDBC driver com.mysql.jdbc.Driver
Thu Nov 05 14:07:27 CST 2015: Registered JDBC driver com.mysql.jdbc.Driver
Thu Nov 05 14:18:57 CST 2015: Registered JDBC driver com.mysql.jdbc.Driver
